#
# There is insufficient memory for the Java Runtime Environment to continue.
# Native memory allocation (malloc) failed to allocate 189136 bytes for Chunk::new
# Possible reasons:
#   The system is out of physical RAM or swap space
#   The process is running with CompressedOops enabled, and the Java Heap may be blocking the growth of the native heap
# Possible solutions:
#   Reduce memory load on the system
#   Increase physical memory or swap space
#   Check if swap backing store is full
#   Decrease Java heap size (-Xmx/-Xms)
#   Decrease number of Java threads
#   Decrease Java thread stack sizes (-Xss)
#   Set larger code cache with -XX:ReservedCodeCacheSize=
#
#   (arena.cpp:191)
# JRE version: OpenJDK Runtime Environment Temurin-17.0.10+7 (17.0.10+7) (build 17.0.10+7)
# Java VM: OpenJDK 64-Bit Server VM Temurin-17.0.10+7 (17.0.10+7, mixed mode, tiered, compressed oops, compressed class ptrs, parallel gc, windows-amd64)
# No core dump will be written. Minidumps are not enabled by default on client versions of Windows
#

---------------  S U M M A R Y ------------

Command Line: --add-modules=ALL-SYSTEM --add-opens=java.base/java.util=ALL-UNNAMED --add-opens=java.base/java.lang=ALL-UNNAMED --add-opens=java.base/sun.nio.fs=ALL-UNNAMED -Declipse.application=org.eclipse.jdt.ls.core.id1 -Dosgi.bundles.defaultStartLevel=4 -Declipse.product=org.eclipse.jdt.ls.core.product -Djava.import.generatesMetadataFilesAtProjectRoot=false -DDetectVMInstallationsJob.disabled=true -Dfile.encoding=utf8 -XX:+UseParallelGC -XX:GCTimeRatio=4 -XX:AdaptiveSizePolicyWeight=90 -Dsun.zip.disableMemoryMapping=true -Xmx1G -Xms100m -Xlog:disable -javaagent:c:\Users\lincbp\.vscode\extensions\redhat.java-1.30.0-win32-x64\lombok\lombok-1.18.32.jar -XX:+HeapDumpOnOutOfMemoryError -XX:HeapDumpPath=c:\Users\lincbp\AppData\Roaming\Code\User\workspaceStorage\bb6fdaa8ae864a70c40a42f3e988b8fc\redhat.java -Daether.dependencyCollector.impl=bf c:\Users\lincbp\.vscode\extensions\redhat.java-1.30.0-win32-x64\server\plugins\org.eclipse.equinox.launcher_1.6.800.v20240330-1250.jar -configuration c:\Users\lincbp\AppData\Roaming\Code\User\globalStorage\redhat.java\1.30.0\config_win -data c:\Users\lincbp\AppData\Roaming\Code\User\workspaceStorage\bb6fdaa8ae864a70c40a42f3e988b8fc\redhat.java\jdt_ws --pipe=\\.\pipe\lsp-fbfb94a0646a3ad2942f306f31c10556-sock

Host: 11th Gen Intel(R) Core(TM) i5-1135G7 @ 2.40GHz, 8 cores, 15G,  Windows 11 , 64 bit Build 22621 (10.0.22621.3374)
Time: Sat May  4 07:21:22 2024 SE Asia Standard Time elapsed time: 32708.711684 seconds (0d 9h 5m 8s)

---------------  T H R E A D  ---------------

Current thread (0x0000023f61c29540):  JavaThread "C2 CompilerThread0" daemon [_thread_in_native, id=10532, stack(0x000000ceb3d00000,0x000000ceb3e00000)]


Current CompileTask:
C2:32708711 11467 %     4       java.io.DataOutputStream::writeUTF @ 10 (411 bytes)

Stack: [0x000000ceb3d00000,0x000000ceb3e00000]
Native frames: (J=compiled Java code, j=interpreted, Vv=VM code, C=native code)
V  [jvm.dll+0x67d2c9]
V  [jvm.dll+0x834afa]
V  [jvm.dll+0x8365be]
V  [jvm.dll+0x836c23]
V  [jvm.dll+0x2477ff]
V  [jvm.dll+0xac514]
V  [jvm.dll+0xacb5c]
V  [jvm.dll+0x366782]
V  [jvm.dll+0x330bfa]
V  [jvm.dll+0x33009a]
V  [jvm.dll+0x219ef1]
V  [jvm.dll+0x219311]
V  [jvm.dll+0x1a502d]
V  [jvm.dll+0x2290de]
V  [jvm.dll+0x2272ac]
V  [jvm.dll+0x7e9bb7]
V  [jvm.dll+0x7e3fba]
V  [jvm.dll+0x67c1b5]
C  [ucrtbase.dll+0x29333]
C  [KERNEL32.DLL+0x1257d]
C  [ntdll.dll+0x5aa48]


---------------  P R O C E S S  ---------------

Threads class SMR info:
_java_thread_list=0x0000023f63242180, length=34, elements={
0x0000023f48cf2110, 0x0000023f5cb5f4c0, 0x0000023f5cb60730, 0x0000023f5cb6a2f0,
0x0000023f5cb6cec0, 0x0000023f5cb6da80, 0x0000023f5cb6e640, 0x0000023f61c29540,
0x0000023f61c8c400, 0x0000023f61c8d1b0, 0x0000023f48d549e0, 0x0000023f61f6c160,
0x0000023f63707d30, 0x0000023f63a8a6f0, 0x0000023f636e1120, 0x0000023f636870e0,
0x0000023f63762820, 0x0000023f6375f8c0, 0x0000023f6375fdd0, 0x0000023f6375f3b0,
0x0000023f6375e990, 0x0000023f6375da60, 0x0000023f6375cb30, 0x0000023f6375d040,
0x0000023f6375d550, 0x0000023f6547a7e0, 0x0000023f6547b200, 0x0000023f65478e90,
0x0000023f654798b0, 0x0000023f6547acf0, 0x0000023f65479dc0, 0x0000023f6547bc20,
0x0000023f654793a0, 0x0000023f6547c130
}

Java Threads: ( => current thread )
  0x0000023f48cf2110 JavaThread "main" [_thread_blocked, id=9072, stack(0x000000ceb3400000,0x000000ceb3500000)]
  0x0000023f5cb5f4c0 JavaThread "Reference Handler" daemon [_thread_blocked, id=19120, stack(0x000000ceb3700000,0x000000ceb3800000)]
  0x0000023f5cb60730 JavaThread "Finalizer" daemon [_thread_blocked, id=20468, stack(0x000000ceb3800000,0x000000ceb3900000)]
  0x0000023f5cb6a2f0 JavaThread "Signal Dispatcher" daemon [_thread_blocked, id=19544, stack(0x000000ceb3900000,0x000000ceb3a00000)]
  0x0000023f5cb6cec0 JavaThread "Attach Listener" daemon [_thread_blocked, id=12444, stack(0x000000ceb3a00000,0x000000ceb3b00000)]
  0x0000023f5cb6da80 JavaThread "Service Thread" daemon [_thread_blocked, id=9276, stack(0x000000ceb3b00000,0x000000ceb3c00000)]
  0x0000023f5cb6e640 JavaThread "Monitor Deflation Thread" daemon [_thread_blocked, id=2896, stack(0x000000ceb3c00000,0x000000ceb3d00000)]
=>0x0000023f61c29540 JavaThread "C2 CompilerThread0" daemon [_thread_in_native, id=10532, stack(0x000000ceb3d00000,0x000000ceb3e00000)]
  0x0000023f61c8c400 JavaThread "C1 CompilerThread0" daemon [_thread_blocked, id=9788, stack(0x000000ceb3e00000,0x000000ceb3f00000)]
  0x0000023f61c8d1b0 JavaThread "Sweeper thread" daemon [_thread_blocked, id=19224, stack(0x000000ceb3f00000,0x000000ceb4000000)]
  0x0000023f48d549e0 JavaThread "Common-Cleaner" daemon [_thread_blocked, id=19228, stack(0x000000ceb4000000,0x000000ceb4100000)]
  0x0000023f61f6c160 JavaThread "Notification Thread" daemon [_thread_blocked, id=16276, stack(0x000000ceb4100000,0x000000ceb4200000)]
  0x0000023f63707d30 JavaThread "Active Thread: Equinox Container: 01c3685a-ca25-434a-a858-61efd9110aa4" [_thread_blocked, id=10800, stack(0x000000ceb4b00000,0x000000ceb4c00000)]
  0x0000023f63a8a6f0 JavaThread "Framework Event Dispatcher: Equinox Container: 01c3685a-ca25-434a-a858-61efd9110aa4" daemon [_thread_blocked, id=12880, stack(0x000000ceb4c00000,0x000000ceb4d00000)]
  0x0000023f636e1120 JavaThread "Start Level: Equinox Container: 01c3685a-ca25-434a-a858-61efd9110aa4" daemon [_thread_blocked, id=20308, stack(0x000000ceb4d00000,0x000000ceb4e00000)]
  0x0000023f636870e0 JavaThread "Bundle File Closer" daemon [_thread_blocked, id=19584, stack(0x000000ceb4f00000,0x000000ceb5000000)]
  0x0000023f63762820 JavaThread "SCR Component Actor" daemon [_thread_blocked, id=7264, stack(0x000000ceb5000000,0x000000ceb5100000)]
  0x0000023f6375f8c0 JavaThread "Worker-JM" [_thread_blocked, id=14352, stack(0x000000ceb4300000,0x000000ceb4400000)]
  0x0000023f6375fdd0 JavaThread "Worker-0" [_thread_blocked, id=18212, stack(0x000000ceb4a00000,0x000000ceb4b00000)]
  0x0000023f6375f3b0 JavaThread "Java indexing" daemon [_thread_blocked, id=8660, stack(0x000000ceb5500000,0x000000ceb5600000)]
  0x0000023f6375e990 JavaThread "JNA Cleaner" daemon [_thread_blocked, id=5980, stack(0x000000ceb5300000,0x000000ceb5400000)]
  0x0000023f6375da60 JavaThread "Thread-2" daemon [_thread_in_native, id=3172, stack(0x000000ceb5a00000,0x000000ceb5b00000)]
  0x0000023f6375cb30 JavaThread "Thread-3" daemon [_thread_in_native, id=19788, stack(0x000000ceb5b00000,0x000000ceb5c00000)]
  0x0000023f6375d040 JavaThread "Thread-4" daemon [_thread_in_native, id=16772, stack(0x000000ceb5c00000,0x000000ceb5d00000)]
  0x0000023f6375d550 JavaThread "Thread-5" daemon [_thread_in_native, id=16472, stack(0x000000ceb5d00000,0x000000ceb5e00000)]
  0x0000023f6547a7e0 JavaThread "Thread-6" daemon [_thread_in_native, id=17428, stack(0x000000ceb5e00000,0x000000ceb5f00000)]
  0x0000023f6547b200 JavaThread "Thread-7" daemon [_thread_in_native, id=16640, stack(0x000000ceb5f00000,0x000000ceb6000000)]
  0x0000023f65478e90 JavaThread "Thread-8" daemon [_thread_in_native, id=13732, stack(0x000000ceb6000000,0x000000ceb6100000)]
  0x0000023f654798b0 JavaThread "Thread-9" daemon [_thread_in_native, id=4448, stack(0x000000ceb6100000,0x000000ceb6200000)]
  0x0000023f6547acf0 JavaThread "Thread-10" daemon [_thread_in_native, id=17644, stack(0x000000ceb6200000,0x000000ceb6300000)]
  0x0000023f65479dc0 JavaThread "pool-2-thread-1" [_thread_blocked, id=14452, stack(0x000000ceb6300000,0x000000ceb6400000)]
  0x0000023f6547bc20 JavaThread "WorkspaceEventsHandler" [_thread_blocked, id=18932, stack(0x000000ceb6500000,0x000000ceb6600000)]
  0x0000023f654793a0 JavaThread "pool-1-thread-1" [_thread_blocked, id=8596, stack(0x000000ceb6600000,0x000000ceb6700000)]
  0x0000023f6547c130 JavaThread "Worker-4" [_thread_blocked, id=18072, stack(0x000000ceb6400000,0x000000ceb6500000)]

Other Threads:
  0x0000023f48d8ecf0 VMThread "VM Thread" [stack: 0x000000ceb3600000,0x000000ceb3700000] [id=13096]
  0x0000023f61f6c640 WatcherThread [stack: 0x000000ceb4200000,0x000000ceb4300000] [id=11720]
  0x0000023f48d07bd0 GCTaskThread "GC Thread#0" [stack: 0x000000ceb3500000,0x000000ceb3600000] [id=18504]
  0x0000023f6357abf0 GCTaskThread "GC Thread#1" [stack: 0x000000ceb4400000,0x000000ceb4500000] [id=17584]
  0x0000023f6346a5a0 GCTaskThread "GC Thread#2" [stack: 0x000000ceb4500000,0x000000ceb4600000] [id=20088]
  0x0000023f6346a860 GCTaskThread "GC Thread#3" [stack: 0x000000ceb4600000,0x000000ceb4700000] [id=18148]
  0x0000023f6346ab20 GCTaskThread "GC Thread#4" [stack: 0x000000ceb4700000,0x000000ceb4800000] [id=15728]
  0x0000023f6346ade0 GCTaskThread "GC Thread#5" [stack: 0x000000ceb4800000,0x000000ceb4900000] [id=13672]
  0x0000023f6346b0a0 GCTaskThread "GC Thread#6" [stack: 0x000000ceb4900000,0x000000ceb4a00000] [id=19924]
  0x0000023f63b91740 GCTaskThread "GC Thread#7" [stack: 0x000000ceb4e00000,0x000000ceb4f00000] [id=16112]

Threads with active compile tasks:
C2 CompilerThread0  32717880 11467 %     4       java.io.DataOutputStream::writeUTF @ 10 (411 bytes)

VM state: not at safepoint (normal execution)

VM Mutex/Monitor currently owned by a thread: None

Heap address: 0x00000000c0000000, size: 1024 MB, Compressed Oops mode: 32-bit

CDS archive(s) not mapped
Compressed class space mapped at: 0x0000000100000000-0x0000000140000000, reserved size: 1073741824
Narrow klass base: 0x0000000000000000, Narrow klass shift: 3, Narrow klass range: 0x140000000

GC Precious Log:
 CPUs: 8 total, 8 available
 Memory: 16110M
 Large Page Support: Disabled
 NUMA Support: Disabled
 Compressed Oops: Enabled (32-bit)
 Alignments: Space 512K, Generation 512K, Heap 2M
 Heap Min Capacity: 100M
 Heap Initial Capacity: 100M
 Heap Max Capacity: 1G
 Pre-touch: Disabled
 Parallel Workers: 8

Heap:
 PSYoungGen      total 7680K, used 7085K [0x00000000eab00000, 0x00000000eb800000, 0x0000000100000000)
  eden space 5120K, 91% used [0x00000000eab00000,0x00000000eaf990f0,0x00000000eb000000)
  from space 2560K, 92% used [0x00000000eb300000,0x00000000eb552368,0x00000000eb580000)
  to   space 2560K, 0% used [0x00000000eb580000,0x00000000eb580000,0x00000000eb800000)
 ParOldGen       total 210432K, used 186671K [0x00000000c0000000, 0x00000000ccd80000, 0x00000000eab00000)
  object space 210432K, 88% used [0x00000000c0000000,0x00000000cb64bdc8,0x00000000ccd80000)
 Metaspace       used 67859K, committed 68928K, reserved 1114112K
  class space    used 6987K, committed 7424K, reserved 1048576K

Card table byte_map: [0x0000023f48670000,0x0000023f48880000] _byte_map_base: 0x0000023f48070000

Marking Bits: (ParMarkBitMap*) 0x00007fffb610d7d0
 Begin Bits: [0x0000023f5a970000, 0x0000023f5b970000)
 End Bits:   [0x0000023f5b970000, 0x0000023f5c970000)

Polling page: 0x0000023f46ca0000

Metaspace:

Usage:
  Non-class:     59.45 MB used.
      Class:      6.82 MB used.
       Both:     66.27 MB used.

Virtual space:
  Non-class space:       64.00 MB reserved,      60.06 MB ( 94%) committed,  1 nodes.
      Class space:        1.00 GB reserved,       7.25 MB ( <1%) committed,  1 nodes.
             Both:        1.06 GB reserved,      67.31 MB (  6%) committed. 

Chunk freelists:
   Non-Class:  3.61 MB
       Class:  8.59 MB
        Both:  12.20 MB

MaxMetaspaceSize: unlimited
CompressedClassSpaceSize: 1.00 GB
Initial GC threshold: 21.00 MB
Current GC threshold: 111.69 MB
CDS: off
MetaspaceReclaimPolicy: balanced
 - commit_granule_bytes: 65536.
 - commit_granule_words: 8192.
 - virtual_space_node_default_size: 8388608.
 - enlarge_chunks_in_place: 1.
 - new_chunks_are_fully_committed: 0.
 - uncommit_free_chunks: 1.
 - use_allocation_guard: 0.
 - handle_deallocations: 1.


Internal statistics:

num_allocs_failed_limit: 9.
num_arena_births: 690.
num_arena_deaths: 22.
num_vsnodes_births: 2.
num_vsnodes_deaths: 0.
num_space_committed: 1077.
num_space_uncommitted: 0.
num_chunks_returned_to_freelist: 34.
num_chunks_taken_from_freelist: 3358.
num_chunk_merges: 14.
num_chunk_splits: 2123.
num_chunks_enlarged: 1350.
num_inconsistent_stats: 0.

CodeHeap 'non-profiled nmethods': size=120000Kb used=7695Kb max_used=7695Kb free=112304Kb
 bounds [0x0000023f53440000, 0x0000023f53bd0000, 0x0000023f5a970000]
CodeHeap 'profiled nmethods': size=120000Kb used=20823Kb max_used=20823Kb free=99176Kb
 bounds [0x0000023f4b970000, 0x0000023f4cdd0000, 0x0000023f52ea0000]
CodeHeap 'non-nmethods': size=5760Kb used=1377Kb max_used=1471Kb free=4382Kb
 bounds [0x0000023f52ea0000, 0x0000023f53110000, 0x0000023f53440000]
 total_blobs=10224 nmethods=9511 adapters=622
 compilation: enabled
              stopped_count=0, restarted_count=0
 full_count=0

Compilation events (20 events):
Event: 74.687 Thread 0x0000023f61c29540 nmethod 11463 0x0000023f53bc2f10 code [0x0000023f53bc30a0, 0x0000023f53bc3228]
Event: 32558.158 Thread 0x0000023f61c29540 11464       4       org.eclipse.core.runtime.Path::toFile (12 bytes)
Event: 32559.455 Thread 0x0000023f61c8c400 11465       3       java.util.Properties::get (9 bytes)
Event: 32589.388 Thread 0x0000023f61c8c400 nmethod 11465 0x0000023f4cdc0d90 code [0x0000023f4cdc0f40, 0x0000023f4cdc10a8]
Event: 32590.017 Thread 0x0000023f61c8c400 11475       3       org.eclipse.core.internal.resources.MarkerWriter::write (155 bytes)
Event: 32594.824 Thread 0x0000023f61c8c400 nmethod 11475 0x0000023f4cdc1190 code [0x0000023f4cdc1540, 0x0000023f4cdc3438]
Event: 32603.318 Thread 0x0000023f61c8c400 11477       3       java.util.concurrent.ThreadPoolExecutor::runStateAtLeast (11 bytes)
Event: 32603.318 Thread 0x0000023f61c8c400 nmethod 11477 0x0000023f4cdc3c90 code [0x0000023f4cdc3e20, 0x0000023f4cdc3f78]
Event: 32609.973 Thread 0x0000023f61c8c400 11478       3       java.lang.Thread::setContextClassLoader (28 bytes)
Event: 32609.977 Thread 0x0000023f61c8c400 nmethod 11478 0x0000023f4cdc4010 code [0x0000023f4cdc4200, 0x0000023f4cdc47d8]
Event: 32610.518 Thread 0x0000023f61c8c400 11479       3       java.util.HashMap$Node::setValue (12 bytes)
Event: 32610.518 Thread 0x0000023f61c8c400 nmethod 11479 0x0000023f4cdc4a10 code [0x0000023f4cdc4ba0, 0x0000023f4cdc4cb8]
Event: 32610.518 Thread 0x0000023f61c8c400 11480       3       org.eclipse.core.internal.utils.StringPool::add (50 bytes)
Event: 32611.142 Thread 0x0000023f61c8c400 nmethod 11480 0x0000023f4cdc4d90 code [0x0000023f4cdc4f60, 0x0000023f4cdc5428]
Event: 32611.142 Thread 0x0000023f61c8c400 11485       3       org.eclipse.core.internal.resources.MarkerAttributeMap::shareStrings (92 bytes)
Event: 32611.143 Thread 0x0000023f61c8c400 nmethod 11485 0x0000023f4cdc5610 code [0x0000023f4cdc5880, 0x0000023f4cdc66d8]
Event: 32611.143 Thread 0x0000023f61c8c400 11482       3       org.eclipse.core.internal.dtree.AbstractDataTreeNode::storeStrings (42 bytes)
Event: 32611.889 Thread 0x0000023f61c8c400 nmethod 11482 0x0000023f4cdc6a10 code [0x0000023f4cdc6be0, 0x0000023f4cdc6f58]
Event: 32665.618 Thread 0x0000023f61c29540 nmethod 11464 0x0000023f53bc3390 code [0x0000023f53bc3560, 0x0000023f53bc3a60]
Event: 32665.618 Thread 0x0000023f61c29540 11467 %     4       java.io.DataOutputStream::writeUTF @ 10 (411 bytes)

GC Heap History (20 events):
Event: 31.637 GC heap before
{Heap before GC invocations=316 (full 16):
 PSYoungGen      total 10240K, used 10214K [0x00000000eab00000, 0x00000000ec580000, 0x0000000100000000)
  eden space 5120K, 100% used [0x00000000eab00000,0x00000000eb000000,0x00000000eb000000)
  from space 5120K, 99% used [0x00000000eb000000,0x00000000eb4f9810,0x00000000eb500000)
  to   space 10752K, 0% used [0x00000000ebb00000,0x00000000ebb00000,0x00000000ec580000)
 ParOldGen       total 343552K, used 321922K [0x00000000c0000000, 0x00000000d4f80000, 0x00000000eab00000)
  object space 343552K, 93% used [0x00000000c0000000,0x00000000d3a60bd8,0x00000000d4f80000)
 Metaspace       used 67600K, committed 68672K, reserved 1114112K
  class space    used 6975K, committed 7424K, reserved 1048576K
}
Event: 31.648 GC heap after
{Heap after GC invocations=316 (full 16):
 PSYoungGen      total 10240K, used 4226K [0x00000000eab00000, 0x00000000ebf80000, 0x0000000100000000)
  eden space 5632K, 0% used [0x00000000eab00000,0x00000000eab00000,0x00000000eb080000)
  from space 4608K, 91% used [0x00000000ebb00000,0x00000000ebf20958,0x00000000ebf80000)
  to   space 6656K, 0% used [0x00000000eb280000,0x00000000eb280000,0x00000000eb900000)
 ParOldGen       total 343552K, used 327063K [0x00000000c0000000, 0x00000000d4f80000, 0x00000000eab00000)
  object space 343552K, 95% used [0x00000000c0000000,0x00000000d3f65c00,0x00000000d4f80000)
 Metaspace       used 67600K, committed 68672K, reserved 1114112K
  class space    used 6975K, committed 7424K, reserved 1048576K
}
Event: 31.761 GC heap before
{Heap before GC invocations=317 (full 16):
 PSYoungGen      total 10240K, used 9560K [0x00000000eab00000, 0x00000000ebf80000, 0x0000000100000000)
  eden space 5632K, 94% used [0x00000000eab00000,0x00000000eb035978,0x00000000eb080000)
  from space 4608K, 91% used [0x00000000ebb00000,0x00000000ebf20958,0x00000000ebf80000)
  to   space 6656K, 0% used [0x00000000eb280000,0x00000000eb280000,0x00000000eb900000)
 ParOldGen       total 343552K, used 327063K [0x00000000c0000000, 0x00000000d4f80000, 0x00000000eab00000)
  object space 343552K, 95% used [0x00000000c0000000,0x00000000d3f65c00,0x00000000d4f80000)
 Metaspace       used 67631K, committed 68672K, reserved 1114112K
  class space    used 6975K, committed 7424K, reserved 1048576K
}
Event: 31.769 GC heap after
{Heap after GC invocations=317 (full 16):
 PSYoungGen      total 13312K, used 6646K [0x00000000eab00000, 0x00000000ec380000, 0x0000000100000000)
  eden space 6656K, 0% used [0x00000000eab00000,0x00000000eab00000,0x00000000eb180000)
  from space 6656K, 99% used [0x00000000eb280000,0x00000000eb8fd868,0x00000000eb900000)
  to   space 9216K, 0% used [0x00000000eba80000,0x00000000eba80000,0x00000000ec380000)
 ParOldGen       total 343552K, used 328543K [0x00000000c0000000, 0x00000000d4f80000, 0x00000000eab00000)
  object space 343552K, 95% used [0x00000000c0000000,0x00000000d40d7c00,0x00000000d4f80000)
 Metaspace       used 67631K, committed 68672K, reserved 1114112K
  class space    used 6975K, committed 7424K, reserved 1048576K
}
Event: 31.953 GC heap before
{Heap before GC invocations=318 (full 16):
 PSYoungGen      total 13312K, used 13302K [0x00000000eab00000, 0x00000000ec380000, 0x0000000100000000)
  eden space 6656K, 100% used [0x00000000eab00000,0x00000000eb180000,0x00000000eb180000)
  from space 6656K, 99% used [0x00000000eb280000,0x00000000eb8fd868,0x00000000eb900000)
  to   space 9216K, 0% used [0x00000000eba80000,0x00000000eba80000,0x00000000ec380000)
 ParOldGen       total 343552K, used 328543K [0x00000000c0000000, 0x00000000d4f80000, 0x00000000eab00000)
  object space 343552K, 95% used [0x00000000c0000000,0x00000000d40d7c00,0x00000000d4f80000)
 Metaspace       used 67652K, committed 68736K, reserved 1114112K
  class space    used 6975K, committed 7424K, reserved 1048576K
}
Event: 31.965 GC heap after
{Heap after GC invocations=318 (full 16):
 PSYoungGen      total 13312K, used 5594K [0x00000000eab00000, 0x00000000ec000000, 0x0000000100000000)
  eden space 7680K, 0% used [0x00000000eab00000,0x00000000eab00000,0x00000000eb280000)
  from space 5632K, 99% used [0x00000000eba80000,0x00000000ebff6bd8,0x00000000ec000000)
  to   space 6656K, 0% used [0x00000000eb300000,0x00000000eb300000,0x00000000eb980000)
 ParOldGen       total 343552K, used 334961K [0x00000000c0000000, 0x00000000d4f80000, 0x00000000eab00000)
  object space 343552K, 97% used [0x00000000c0000000,0x00000000d471c798,0x00000000d4f80000)
 Metaspace       used 67652K, committed 68736K, reserved 1114112K
  class space    used 6975K, committed 7424K, reserved 1048576K
}
Event: 34.855 GC heap before
{Heap before GC invocations=319 (full 16):
 PSYoungGen      total 13312K, used 13274K [0x00000000eab00000, 0x00000000ec000000, 0x0000000100000000)
  eden space 7680K, 100% used [0x00000000eab00000,0x00000000eb280000,0x00000000eb280000)
  from space 5632K, 99% used [0x00000000eba80000,0x00000000ebff6bd8,0x00000000ec000000)
  to   space 6656K, 0% used [0x00000000eb300000,0x00000000eb300000,0x00000000eb980000)
 ParOldGen       total 343552K, used 334961K [0x00000000c0000000, 0x00000000d4f80000, 0x00000000eab00000)
  object space 343552K, 97% used [0x00000000c0000000,0x00000000d471c798,0x00000000d4f80000)
 Metaspace       used 67681K, committed 68736K, reserved 1114112K
  class space    used 6978K, committed 7424K, reserved 1048576K
}
Event: 34.874 GC heap after
{Heap after GC invocations=319 (full 16):
 PSYoungGen      total 14336K, used 6636K [0x00000000eab00000, 0x00000000ec880000, 0x0000000100000000)
  eden space 7680K, 0% used [0x00000000eab00000,0x00000000eab00000,0x00000000eb280000)
  from space 6656K, 99% used [0x00000000eb300000,0x00000000eb97b0c0,0x00000000eb980000)
  to   space 11264K, 0% used [0x00000000ebd80000,0x00000000ebd80000,0x00000000ec880000)
 ParOldGen       total 343552K, used 338305K [0x00000000c0000000, 0x00000000d4f80000, 0x00000000eab00000)
  object space 343552K, 98% used [0x00000000c0000000,0x00000000d4a60760,0x00000000d4f80000)
 Metaspace       used 67681K, committed 68736K, reserved 1114112K
  class space    used 6978K, committed 7424K, reserved 1048576K
}
Event: 34.888 GC heap before
{Heap before GC invocations=320 (full 16):
 PSYoungGen      total 14336K, used 14316K [0x00000000eab00000, 0x00000000ec880000, 0x0000000100000000)
  eden space 7680K, 100% used [0x00000000eab00000,0x00000000eb280000,0x00000000eb280000)
  from space 6656K, 99% used [0x00000000eb300000,0x00000000eb97b0c0,0x00000000eb980000)
  to   space 11264K, 0% used [0x00000000ebd80000,0x00000000ebd80000,0x00000000ec880000)
 ParOldGen       total 343552K, used 338305K [0x00000000c0000000, 0x00000000d4f80000, 0x00000000eab00000)
  object space 343552K, 98% used [0x00000000c0000000,0x00000000d4a60760,0x00000000d4f80000)
 Metaspace       used 67682K, committed 68736K, reserved 1114112K
  class space    used 6978K, committed 7424K, reserved 1048576K
}
Event: 34.903 GC heap after
{Heap after GC invocations=320 (full 16):
 PSYoungGen      total 11264K, used 2560K [0x00000000eab00000, 0x00000000ec000000, 0x0000000100000000)
  eden space 8704K, 0% used [0x00000000eab00000,0x00000000eab00000,0x00000000eb380000)
  from space 2560K, 100% used [0x00000000ebd80000,0x00000000ec000000,0x00000000ec000000)
  to   space 5632K, 0% used [0x00000000eb500000,0x00000000eb500000,0x00000000eba80000)
 ParOldGen       total 345088K, used 345021K [0x00000000c0000000, 0x00000000d5100000, 0x00000000eab00000)
  object space 345088K, 99% used [0x00000000c0000000,0x00000000d50ef470,0x00000000d5100000)
 Metaspace       used 67682K, committed 68736K, reserved 1114112K
  class space    used 6978K, committed 7424K, reserved 1048576K
}
Event: 34.903 GC heap before
{Heap before GC invocations=321 (full 17):
 PSYoungGen      total 11264K, used 2560K [0x00000000eab00000, 0x00000000ec000000, 0x0000000100000000)
  eden space 8704K, 0% used [0x00000000eab00000,0x00000000eab00000,0x00000000eb380000)
  from space 2560K, 100% used [0x00000000ebd80000,0x00000000ec000000,0x00000000ec000000)
  to   space 5632K, 0% used [0x00000000eb500000,0x00000000eb500000,0x00000000eba80000)
 ParOldGen       total 345088K, used 345021K [0x00000000c0000000, 0x00000000d5100000, 0x00000000eab00000)
  object space 345088K, 99% used [0x00000000c0000000,0x00000000d50ef470,0x00000000d5100000)
 Metaspace       used 67682K, committed 68736K, reserved 1114112K
  class space    used 6978K, committed 7424K, reserved 1048576K
}
Event: 35.037 GC heap after
{Heap after GC invocations=321 (full 17):
 PSYoungGen      total 15872K, used 0K [0x00000000eab00000, 0x00000000ec000000, 0x0000000100000000)
  eden space 10240K, 0% used [0x00000000eab00000,0x00000000eab00000,0x00000000eb500000)
  from space 5632K, 0% used [0x00000000eb500000,0x00000000eb500000,0x00000000eba80000)
  to   space 5632K, 0% used [0x00000000eba80000,0x00000000eba80000,0x00000000ec000000)
 ParOldGen       total 210432K, used 174854K [0x00000000c0000000, 0x00000000ccd80000, 0x00000000eab00000)
  object space 210432K, 83% used [0x00000000c0000000,0x00000000caac19b8,0x00000000ccd80000)
 Metaspace       used 67682K, committed 68736K, reserved 1114112K
  class space    used 6978K, committed 7424K, reserved 1048576K
}
Event: 35.462 GC heap before
{Heap before GC invocations=322 (full 17):
 PSYoungGen      total 15872K, used 10240K [0x00000000eab00000, 0x00000000ec000000, 0x0000000100000000)
  eden space 10240K, 100% used [0x00000000eab00000,0x00000000eb500000,0x00000000eb500000)
  from space 5632K, 0% used [0x00000000eb500000,0x00000000eb500000,0x00000000eba80000)
  to   space 5632K, 0% used [0x00000000eba80000,0x00000000eba80000,0x00000000ec000000)
 ParOldGen       total 210432K, used 174854K [0x00000000c0000000, 0x00000000ccd80000, 0x00000000eab00000)
  object space 210432K, 83% used [0x00000000c0000000,0x00000000caac19b8,0x00000000ccd80000)
 Metaspace       used 67709K, committed 68736K, reserved 1114112K
  class space    used 6979K, committed 7424K, reserved 1048576K
}
Event: 35.468 GC heap after
{Heap after GC invocations=322 (full 17):
 PSYoungGen      total 10752K, used 5600K [0x00000000eab00000, 0x00000000ecb80000, 0x0000000100000000)
  eden space 5120K, 0% used [0x00000000eab00000,0x00000000eab00000,0x00000000eb000000)
  from space 5632K, 99% used [0x00000000eba80000,0x00000000ebff83c0,0x00000000ec000000)
  to   space 10752K, 0% used [0x00000000eb000000,0x00000000eb000000,0x00000000eba80000)
 ParOldGen       total 210432K, used 178439K [0x00000000c0000000, 0x00000000ccd80000, 0x00000000eab00000)
  object space 210432K, 84% used [0x00000000c0000000,0x00000000cae41ff0,0x00000000ccd80000)
 Metaspace       used 67709K, committed 68736K, reserved 1114112K
  class space    used 6979K, committed 7424K, reserved 1048576K
}
Event: 35.786 GC heap before
{Heap before GC invocations=323 (full 17):
 PSYoungGen      total 10752K, used 10720K [0x00000000eab00000, 0x00000000ecb80000, 0x0000000100000000)
  eden space 5120K, 100% used [0x00000000eab00000,0x00000000eb000000,0x00000000eb000000)
  from space 5632K, 99% used [0x00000000eba80000,0x00000000ebff83c0,0x00000000ec000000)
  to   space 10752K, 0% used [0x00000000eb000000,0x00000000eb000000,0x00000000eba80000)
 ParOldGen       total 210432K, used 178439K [0x00000000c0000000, 0x00000000ccd80000, 0x00000000eab00000)
  object space 210432K, 84% used [0x00000000c0000000,0x00000000cae41ff0,0x00000000ccd80000)
 Metaspace       used 67709K, committed 68736K, reserved 1114112K
  class space    used 6979K, committed 7424K, reserved 1048576K
}
Event: 35.793 GC heap after
{Heap after GC invocations=323 (full 17):
 PSYoungGen      total 10752K, used 5156K [0x00000000eab00000, 0x00000000ebe00000, 0x0000000100000000)
  eden space 5120K, 0% used [0x00000000eab00000,0x00000000eab00000,0x00000000eb000000)
  from space 5632K, 91% used [0x00000000eb000000,0x00000000eb5093b0,0x00000000eb580000)
  to   space 6656K, 0% used [0x00000000eb780000,0x00000000eb780000,0x00000000ebe00000)
 ParOldGen       total 210432K, used 183023K [0x00000000c0000000, 0x00000000ccd80000, 0x00000000eab00000)
  object space 210432K, 86% used [0x00000000c0000000,0x00000000cb2bbee8,0x00000000ccd80000)
 Metaspace       used 67709K, committed 68736K, reserved 1114112K
  class space    used 6979K, committed 7424K, reserved 1048576K
}
Event: 35.963 GC heap before
{Heap before GC invocations=324 (full 17):
 PSYoungGen      total 10752K, used 10276K [0x00000000eab00000, 0x00000000ebe00000, 0x0000000100000000)
  eden space 5120K, 100% used [0x00000000eab00000,0x00000000eb000000,0x00000000eb000000)
  from space 5632K, 91% used [0x00000000eb000000,0x00000000eb5093b0,0x00000000eb580000)
  to   space 6656K, 0% used [0x00000000eb780000,0x00000000eb780000,0x00000000ebe00000)
 ParOldGen       total 210432K, used 183023K [0x00000000c0000000, 0x00000000ccd80000, 0x00000000eab00000)
  object space 210432K, 86% used [0x00000000c0000000,0x00000000cb2bbee8,0x00000000ccd80000)
 Metaspace       used 67789K, committed 68864K, reserved 1114112K
  class space    used 6984K, committed 7424K, reserved 1048576K
}
Event: 35.967 GC heap after
{Heap after GC invocations=324 (full 17):
 PSYoungGen      total 7680K, used 2061K [0x00000000eab00000, 0x00000000eba00000, 0x0000000100000000)
  eden space 5120K, 0% used [0x00000000eab00000,0x00000000eab00000,0x00000000eb000000)
  from space 2560K, 80% used [0x00000000eb780000,0x00000000eb9834f0,0x00000000eba00000)
  to   space 3584K, 0% used [0x00000000eb300000,0x00000000eb300000,0x00000000eb680000)
 ParOldGen       total 210432K, used 186671K [0x00000000c0000000, 0x00000000ccd80000, 0x00000000eab00000)
  object space 210432K, 88% used [0x00000000c0000000,0x00000000cb64bdc8,0x00000000ccd80000)
 Metaspace       used 67789K, committed 68864K, reserved 1114112K
  class space    used 6984K, committed 7424K, reserved 1048576K
}
Event: 36.089 GC heap before
{Heap before GC invocations=325 (full 17):
 PSYoungGen      total 7680K, used 7181K [0x00000000eab00000, 0x00000000eba00000, 0x0000000100000000)
  eden space 5120K, 100% used [0x00000000eab00000,0x00000000eb000000,0x00000000eb000000)
  from space 2560K, 80% used [0x00000000eb780000,0x00000000eb9834f0,0x00000000eba00000)
  to   space 3584K, 0% used [0x00000000eb300000,0x00000000eb300000,0x00000000eb680000)
 ParOldGen       total 210432K, used 186671K [0x00000000c0000000, 0x00000000ccd80000, 0x00000000eab00000)
  object space 210432K, 88% used [0x00000000c0000000,0x00000000cb64bdc8,0x00000000ccd80000)
 Metaspace       used 67821K, committed 68864K, reserved 1114112K
  class space    used 6984K, committed 7424K, reserved 1048576K
}
Event: 36.090 GC heap after
{Heap after GC invocations=325 (full 17):
 PSYoungGen      total 7680K, used 2376K [0x00000000eab00000, 0x00000000eb800000, 0x0000000100000000)
  eden space 5120K, 0% used [0x00000000eab00000,0x00000000eab00000,0x00000000eb000000)
  from space 2560K, 92% used [0x00000000eb300000,0x00000000eb552368,0x00000000eb580000)
  to   space 2560K, 0% used [0x00000000eb580000,0x00000000eb580000,0x00000000eb800000)
 ParOldGen       total 210432K, used 186671K [0x00000000c0000000, 0x00000000ccd80000, 0x00000000eab00000)
  object space 210432K, 88% used [0x00000000c0000000,0x00000000cb64bdc8,0x00000000ccd80000)
 Metaspace       used 67821K, committed 68864K, reserved 1114112K
  class space    used 6984K, committed 7424K, reserved 1048576K
}

Dll operation events (12 events):
Event: 0.031 Loaded shared library c:\Users\lincbp\.vscode\extensions\redhat.java-1.30.0-win32-x64\jre\17.0.10-win32-x86_64\bin\java.dll
Event: 0.389 Loaded shared library c:\Users\lincbp\.vscode\extensions\redhat.java-1.30.0-win32-x64\jre\17.0.10-win32-x86_64\bin\zip.dll
Event: 0.392 Loaded shared library C:\Users\lincbp\.vscode\extensions\redhat.java-1.30.0-win32-x64\jre\17.0.10-win32-x86_64\bin\instrument.dll
Event: 0.411 Loaded shared library C:\Users\lincbp\.vscode\extensions\redhat.java-1.30.0-win32-x64\jre\17.0.10-win32-x86_64\bin\net.dll
Event: 0.431 Loaded shared library C:\Users\lincbp\.vscode\extensions\redhat.java-1.30.0-win32-x64\jre\17.0.10-win32-x86_64\bin\nio.dll
Event: 0.444 Loaded shared library C:\Users\lincbp\.vscode\extensions\redhat.java-1.30.0-win32-x64\jre\17.0.10-win32-x86_64\bin\zip.dll
Event: 0.465 Loaded shared library C:\Users\lincbp\.vscode\extensions\redhat.java-1.30.0-win32-x64\jre\17.0.10-win32-x86_64\bin\jimage.dll
Event: 0.575 Loaded shared library c:\Users\lincbp\.vscode\extensions\redhat.java-1.30.0-win32-x64\jre\17.0.10-win32-x86_64\bin\verify.dll
Event: 1.748 Loaded shared library C:\Users\lincbp\AppData\Roaming\Code\User\globalStorage\redhat.java\1.30.0\config_win\org.eclipse.equinox.launcher\org.eclipse.equinox.launcher.win32.win32.x86_64_1.2.900.v20240213-1244\eclipse_11900.dll
Event: 2.925 Loaded shared library C:\Users\lincbp\.vscode\extensions\redhat.java-1.30.0-win32-x64\jre\17.0.10-win32-x86_64\bin\management.dll
Event: 2.929 Loaded shared library C:\Users\lincbp\.vscode\extensions\redhat.java-1.30.0-win32-x64\jre\17.0.10-win32-x86_64\bin\management_ext.dll
Event: 4.426 Loaded shared library C:\Users\lincbp\AppData\Local\Temp\jna--1102673984\jna13904509179600746260.dll

Deoptimization events (20 events):
Event: 36.179 Thread 0x0000023f6375f3b0 Uncommon trap: trap_request=0xffffff45 fr.pc=0x0000023f53b1fff8 relative=0x0000000000001d38
Event: 36.184 Thread 0x0000023f6375f3b0 Uncommon trap: reason=unstable_if action=reinterpret pc=0x0000023f53b1fff8 method=org.eclipse.jdt.internal.core.index.DiskIndex.writeAllDocumentNames([Ljava/lang/String;Ljava/io/FileOutputStream;)V @ 498 c2
Event: 36.184 Thread 0x0000023f6375f3b0 DEOPT PACKING pc=0x0000023f53b1fff8 sp=0x000000ceb55ff370
Event: 36.184 Thread 0x0000023f6375f3b0 DEOPT UNPACKING pc=0x0000023f52ef9ea3 sp=0x000000ceb55ff338 mode 2
Event: 36.185 Thread 0x0000023f6375f3b0 Uncommon trap: trap_request=0xffffff45 fr.pc=0x0000023f53b44aa8 relative=0x0000000000000f28
Event: 36.185 Thread 0x0000023f6375f3b0 Uncommon trap: reason=unstable_if action=reinterpret pc=0x0000023f53b44aa8 method=org.eclipse.jdt.internal.core.index.DiskIndex.writeDocumentNumbers([ILjava/io/FileOutputStream;)V @ 20 c2
Event: 36.185 Thread 0x0000023f6375f3b0 DEOPT PACKING pc=0x0000023f53b44aa8 sp=0x000000ceb55ff010
Event: 36.185 Thread 0x0000023f6375f3b0 DEOPT UNPACKING pc=0x0000023f52ef9ea3 sp=0x000000ceb55fefc8 mode 2
Event: 36.530 Thread 0x0000023f6375f3b0 Uncommon trap: trap_request=0xffffff45 fr.pc=0x0000023f53b584f8 relative=0x00000000000004d8
Event: 36.530 Thread 0x0000023f6375f3b0 Uncommon trap: reason=unstable_if action=reinterpret pc=0x0000023f53b584f8 method=org.eclipse.jdt.internal.core.index.DiskIndex.readStreamDocumentArray(Ljava/io/InputStream;I)[I @ 17 c2
Event: 36.530 Thread 0x0000023f6375f3b0 DEOPT PACKING pc=0x0000023f53b584f8 sp=0x000000ceb55ff110
Event: 36.530 Thread 0x0000023f6375f3b0 DEOPT UNPACKING pc=0x0000023f52ef9ea3 sp=0x000000ceb55ff0c0 mode 2
Event: 32574.681 Thread 0x0000023f6547c130 DEOPT PACKING pc=0x0000023f4c9c9b42 sp=0x000000ceb64febb0
Event: 32576.930 Thread 0x0000023f6547c130 DEOPT UNPACKING pc=0x0000023f52efa9e3 sp=0x000000ceb64fe0f8 mode 0
Event: 32576.935 Thread 0x0000023f6547c130 DEOPT PACKING pc=0x0000023f4c9c9b42 sp=0x000000ceb64febb0
Event: 32576.935 Thread 0x0000023f6547c130 DEOPT UNPACKING pc=0x0000023f52efa9e3 sp=0x000000ceb64fe0f8 mode 0
Event: 32578.093 Thread 0x0000023f6547c130 DEOPT PACKING pc=0x0000023f4c9c9b42 sp=0x000000ceb64febb0
Event: 32578.093 Thread 0x0000023f6547c130 DEOPT UNPACKING pc=0x0000023f52efa9e3 sp=0x000000ceb64fe0f8 mode 0
Event: 32579.465 Thread 0x0000023f6547c130 DEOPT PACKING pc=0x0000023f4c9c9b42 sp=0x000000ceb64febb0
Event: 32579.465 Thread 0x0000023f6547c130 DEOPT UNPACKING pc=0x0000023f52efa9e3 sp=0x000000ceb64fe0f8 mode 0

Classes unloaded (11 events):
Event: 2.893 Thread 0x0000023f48d8ecf0 Unloading class 0x0000000100252400 'java/lang/invoke/LambdaForm$MH+0x0000000100252400'
Event: 2.893 Thread 0x0000023f48d8ecf0 Unloading class 0x0000000100252000 'java/lang/invoke/LambdaForm$MH+0x0000000100252000'
Event: 2.893 Thread 0x0000023f48d8ecf0 Unloading class 0x0000000100251c00 'java/lang/invoke/LambdaForm$MH+0x0000000100251c00'
Event: 2.893 Thread 0x0000023f48d8ecf0 Unloading class 0x0000000100251800 'java/lang/invoke/LambdaForm$MH+0x0000000100251800'
Event: 2.893 Thread 0x0000023f48d8ecf0 Unloading class 0x0000000100251400 'java/lang/invoke/LambdaForm$BMH+0x0000000100251400'
Event: 2.893 Thread 0x0000023f48d8ecf0 Unloading class 0x0000000100251000 'java/lang/invoke/LambdaForm$DMH+0x0000000100251000'
Event: 2.893 Thread 0x0000023f48d8ecf0 Unloading class 0x000000010024c400 'java/lang/invoke/LambdaForm$DMH+0x000000010024c400'
Event: 9.539 Thread 0x0000023f48d8ecf0 Unloading class 0x00000001003b5c00 'java/lang/invoke/LambdaForm$MH+0x00000001003b5c00'
Event: 9.539 Thread 0x0000023f48d8ecf0 Unloading class 0x00000001003b5000 'java/lang/invoke/LambdaForm$MH+0x00000001003b5000'
Event: 9.539 Thread 0x0000023f48d8ecf0 Unloading class 0x00000001003b4800 'java/lang/invoke/LambdaForm$MH+0x00000001003b4800'
Event: 9.539 Thread 0x0000023f48d8ecf0 Unloading class 0x00000001003b4400 'java/lang/invoke/LambdaForm$DMH+0x00000001003b4400'

Classes redefined (0 events):
No events

Internal exceptions (20 events):
Event: 17.093 Thread 0x0000023f68720670 Exception <a 'sun/nio/fs/WindowsException'{0x00000000eb11e4c8}> (0x00000000eb11e4c8) 
thrown [s\src\hotspot\share\prims\jni.cpp, line 516]
Event: 17.107 Thread 0x0000023f68720670 Exception <a 'sun/nio/fs/WindowsException'{0x00000000eab49478}> (0x00000000eab49478) 
thrown [s\src\hotspot\share\prims\jni.cpp, line 516]
Event: 17.111 Thread 0x0000023f68720670 Exception <a 'sun/nio/fs/WindowsException'{0x00000000eab60b18}> (0x00000000eab60b18) 
thrown [s\src\hotspot\share\prims\jni.cpp, line 516]
Event: 17.118 Thread 0x0000023f68720670 Exception <a 'sun/nio/fs/WindowsException'{0x00000000eab713b8}> (0x00000000eab713b8) 
thrown [s\src\hotspot\share\prims\jni.cpp, line 516]
Event: 17.124 Thread 0x0000023f68720670 Exception <a 'sun/nio/fs/WindowsException'{0x00000000eabca4b8}> (0x00000000eabca4b8) 
thrown [s\src\hotspot\share\prims\jni.cpp, line 516]
Event: 17.127 Thread 0x0000023f68720670 Exception <a 'sun/nio/fs/WindowsException'{0x00000000ead2fa10}> (0x00000000ead2fa10) 
thrown [s\src\hotspot\share\prims\jni.cpp, line 516]
Event: 17.131 Thread 0x0000023f68720670 Exception <a 'sun/nio/fs/WindowsException'{0x00000000eae37aa0}> (0x00000000eae37aa0) 
thrown [s\src\hotspot\share\prims\jni.cpp, line 516]
Event: 17.183 Thread 0x0000023f68720670 Exception <a 'sun/nio/fs/WindowsException'{0x00000000eb0eb348}> (0x00000000eb0eb348) 
thrown [s\src\hotspot\share\prims\jni.cpp, line 516]
Event: 17.191 Thread 0x0000023f68720670 Exception <a 'sun/nio/fs/WindowsException'{0x00000000eabc8240}> (0x00000000eabc8240) 
thrown [s\src\hotspot\share\prims\jni.cpp, line 516]
Event: 17.262 Thread 0x0000023f68720670 Exception <a 'sun/nio/fs/WindowsException'{0x00000000ead1c688}> (0x00000000ead1c688) 
thrown [s\src\hotspot\share\prims\jni.cpp, line 516]
Event: 17.302 Thread 0x0000023f68720670 Exception <a 'sun/nio/fs/WindowsException'{0x00000000ead9b438}> (0x00000000ead9b438) 
thrown [s\src\hotspot\share\prims\jni.cpp, line 516]
Event: 17.305 Thread 0x0000023f68720670 Exception <a 'sun/nio/fs/WindowsException'{0x00000000eadac060}> (0x00000000eadac060) 
thrown [s\src\hotspot\share\prims\jni.cpp, line 516]
Event: 17.381 Thread 0x0000023f68720670 Exception <a 'sun/nio/fs/WindowsException'{0x00000000eae03298}> (0x00000000eae03298) 
thrown [s\src\hotspot\share\prims\jni.cpp, line 516]
Event: 17.471 Thread 0x0000023f68720670 Exception <a 'sun/nio/fs/WindowsException'{0x00000000eae8d238}> (0x00000000eae8d238) 
thrown [s\src\hotspot\share\prims\jni.cpp, line 516]
Event: 17.475 Thread 0x0000023f68720670 Exception <a 'sun/nio/fs/WindowsException'{0x00000000eaeac7e0}> (0x00000000eaeac7e0) 
thrown [s\src\hotspot\share\prims\jni.cpp, line 516]
Event: 17.479 Thread 0x0000023f68720670 Exception <a 'sun/nio/fs/WindowsException'{0x00000000eaebd3c8}> (0x00000000eaebd3c8) 
thrown [s\src\hotspot\share\prims\jni.cpp, line 516]
Event: 17.952 Thread 0x0000023f65478980 Exception <a 'java/lang/NoSuchMethodError'{0x00000000eab5e568}: 'java.lang.Object java.lang.invoke.DirectMethodHandle$Holder.newInvokeSpecial(java.lang.Object, java.lang.Object, java.lang.Object, java.lang.Object, java.lang.Object, java.lang.Object)'> (0x00000000eab5e568) 
thrown [s\src\hotspot\share\interpreter\linkResolver.cpp, line 759]
Event: 33.851 Thread 0x0000023f6375f3b0 Exception <a 'sun/nio/fs/WindowsException'{0x00000000eb14e4b8}> (0x00000000eb14e4b8) 
thrown [s\src\hotspot\share\prims\jni.cpp, line 516]
Event: 36.202 Thread 0x0000023f6375f3b0 Exception <a 'sun/nio/fs/WindowsException'{0x00000000eab61f48}> (0x00000000eab61f48) 
thrown [s\src\hotspot\share\prims\jni.cpp, line 516]
Event: 36.342 Thread 0x0000023f6375f3b0 Exception <a 'sun/nio/fs/WindowsException'{0x00000000eae59170}> (0x00000000eae59170) 
thrown [s\src\hotspot\share\prims\jni.cpp, line 516]

VM Operations (20 events):
Event: 60.193 Executing VM operation: HandshakeAllThreads
Event: 60.193 Executing VM operation: HandshakeAllThreads done
Event: 85.364 Executing VM operation: Cleanup
Event: 85.364 Executing VM operation: Cleanup done
Event: 120.718 Executing VM operation: HandshakeAllThreads
Event: 120.718 Executing VM operation: HandshakeAllThreads done
Event: 32552.127 Executing VM operation: Cleanup
Event: 32553.774 Executing VM operation: Cleanup done
Event: 32558.799 Executing VM operation: HandshakeAllThreads
Event: 32560.034 Executing VM operation: HandshakeAllThreads done
Event: 32565.081 Executing VM operation: Cleanup
Event: 32565.081 Executing VM operation: Cleanup done
Event: 32568.091 Executing VM operation: Cleanup
Event: 32568.091 Executing VM operation: Cleanup done
Event: 32600.372 Executing VM operation: HandshakeAllThreads
Event: 32600.373 Executing VM operation: HandshakeAllThreads done
Event: 32612.426 Executing VM operation: Cleanup
Event: 32612.426 Executing VM operation: Cleanup done
Event: 32619.016 Executing VM operation: HandshakeAllThreads
Event: 32619.016 Executing VM operation: HandshakeAllThreads done

Events (20 events):
Event: 36.530 Thread 0x0000023f68a91970 Thread exited: 0x0000023f68a91970
Event: 77.590 Thread 0x0000023f68720670 Thread exited: 0x0000023f68720670
Event: 95.879 Thread 0x0000023f65478980 Thread exited: 0x0000023f65478980
Event: 96.205 Thread 0x0000023f6375eea0 Thread exited: 0x0000023f6375eea0
Event: 96.205 Thread 0x0000023f6375e480 Thread exited: 0x0000023f6375e480
Event: 96.549 Thread 0x0000023f6375df70 Thread exited: 0x0000023f6375df70
Event: 138.286 Thread 0x0000023f6871cec0 Thread exited: 0x0000023f6871cec0
Event: 197.612 Thread 0x0000023f68721fc0 Thread exited: 0x0000023f68721fc0
Event: 32529.029 Thread 0x0000023f68720160 Thread exited: 0x0000023f68720160
Event: 32564.926 Thread 0x0000023f68723910 Thread added: 0x0000023f68723910
Event: 32564.929 Thread 0x0000023f6871cec0 Thread added: 0x0000023f6871cec0
Event: 32564.930 Thread 0x0000023f68720160 Thread added: 0x0000023f68720160
Event: 32564.931 Thread 0x0000023f68720670 Thread added: 0x0000023f68720670
Event: 32564.932 Thread 0x0000023f68720160 Thread exited: 0x0000023f68720160
Event: 32564.932 Thread 0x0000023f68723910 Thread exited: 0x0000023f68723910
Event: 32564.932 Thread 0x0000023f6871cec0 Thread exited: 0x0000023f6871cec0
Event: 32564.932 Thread 0x0000023f68720670 Thread exited: 0x0000023f68720670
Event: 32589.045 Thread 0x0000023f6871f740 Thread exited: 0x0000023f6871f740
Event: 32609.973 Thread 0x0000023f68723400 Thread added: 0x0000023f68723400
Event: 32670.514 Thread 0x0000023f68723400 Thread exited: 0x0000023f68723400


Dynamic libraries:
0x00007ff618290000 - 0x00007ff61829e000 	c:\Users\lincbp\.vscode\extensions\redhat.java-1.30.0-win32-x64\jre\17.0.10-win32-x86_64\bin\java.exe
0x00007ff840e10000 - 0x00007ff841026000 	C:\WINDOWS\SYSTEM32\ntdll.dll
0x00007ff83f2d0000 - 0x00007ff83f394000 	C:\WINDOWS\System32\KERNEL32.DLL
0x00007ff83e3d0000 - 0x00007ff83e777000 	C:\WINDOWS\System32\KERNELBASE.dll
0x00007ff83abb0000 - 0x00007ff83ac47000 	C:\WINDOWS\SYSTEM32\apphelp.dll
0x00007ff83e780000 - 0x00007ff83e891000 	C:\WINDOWS\System32\ucrtbase.dll
0x00007ff827c10000 - 0x00007ff827c27000 	c:\Users\lincbp\.vscode\extensions\redhat.java-1.30.0-win32-x64\jre\17.0.10-win32-x86_64\bin\jli.dll
0x00007ff83f120000 - 0x00007ff83f2ce000 	C:\WINDOWS\System32\USER32.dll
0x00007ff83e8a0000 - 0x00007ff83e8c6000 	C:\WINDOWS\System32\win32u.dll
0x00007ff83f3a0000 - 0x00007ff83f3c9000 	C:\WINDOWS\System32\GDI32.dll
0x00007ff83ea20000 - 0x00007ff83eb39000 	C:\WINDOWS\System32\gdi32full.dll
0x00007ff83e8d0000 - 0x00007ff83e96a000 	C:\WINDOWS\System32\msvcp_win.dll
0x00007ff827bf0000 - 0x00007ff827c0b000 	c:\Users\lincbp\.vscode\extensions\redhat.java-1.30.0-win32-x64\jre\17.0.10-win32-x86_64\bin\VCRUNTIME140.dll
0x00007ff82dea0000 - 0x00007ff82e133000 	C:\WINDOWS\WinSxS\amd64_microsoft.windows.common-controls_6595b64144ccf1df_6.0.22621.3235_none_270f74e173860f98\COMCTL32.dll
0x00007ff83f760000 - 0x00007ff83f807000 	C:\WINDOWS\System32\msvcrt.dll
0x00007ff83f3d0000 - 0x00007ff83f401000 	C:\WINDOWS\System32\IMM32.DLL
0x00007ff837f30000 - 0x00007ff837f3c000 	c:\Users\lincbp\.vscode\extensions\redhat.java-1.30.0-win32-x64\jre\17.0.10-win32-x86_64\bin\vcruntime140_1.dll
0x00007ff8175a0000 - 0x00007ff81762d000 	c:\Users\lincbp\.vscode\extensions\redhat.java-1.30.0-win32-x64\jre\17.0.10-win32-x86_64\bin\msvcp140.dll
0x00007fffb5570000 - 0x00007fffb61d2000 	c:\Users\lincbp\.vscode\extensions\redhat.java-1.30.0-win32-x64\jre\17.0.10-win32-x86_64\bin\server\jvm.dll
0x00007ff83f530000 - 0x00007ff83f5e2000 	C:\WINDOWS\System32\ADVAPI32.dll
0x00007ff83ef60000 - 0x00007ff83f008000 	C:\WINDOWS\System32\sechost.dll
0x00007ff83e9f0000 - 0x00007ff83ea18000 	C:\WINDOWS\System32\bcrypt.dll
0x00007ff83f410000 - 0x00007ff83f525000 	C:\WINDOWS\System32\RPCRT4.dll
0x00007ff83df50000 - 0x00007ff83df9d000 	C:\WINDOWS\SYSTEM32\POWRPROF.dll
0x00007fffedae0000 - 0x00007fffedae9000 	C:\WINDOWS\SYSTEM32\WSOCK32.dll
0x00007ff83ee30000 - 0x00007ff83eea1000 	C:\WINDOWS\System32\WS2_32.dll
0x00007ff837bc0000 - 0x00007ff837bf4000 	C:\WINDOWS\SYSTEM32\WINMM.dll
0x00007ff8379e0000 - 0x00007ff8379ea000 	C:\WINDOWS\SYSTEM32\VERSION.dll
0x00007ff83de30000 - 0x00007ff83de43000 	C:\WINDOWS\SYSTEM32\UMPDC.dll
0x00007ff83d130000 - 0x00007ff83d148000 	C:\WINDOWS\SYSTEM32\kernel.appcore.dll
0x00007ff832920000 - 0x00007ff83292a000 	c:\Users\lincbp\.vscode\extensions\redhat.java-1.30.0-win32-x64\jre\17.0.10-win32-x86_64\bin\jimage.dll
0x00007ff83bb00000 - 0x00007ff83bd33000 	C:\WINDOWS\SYSTEM32\DBGHELP.DLL
0x00007ff8409c0000 - 0x00007ff840d48000 	C:\WINDOWS\System32\combase.dll
0x00007ff83f810000 - 0x00007ff83f8e7000 	C:\WINDOWS\System32\OLEAUT32.dll
0x00007ff827f70000 - 0x00007ff827fa2000 	C:\WINDOWS\SYSTEM32\dbgcore.DLL
0x00007ff83e970000 - 0x00007ff83e9e9000 	C:\WINDOWS\System32\bcryptPrimitives.dll
0x00007ff82c560000 - 0x00007ff82c56e000 	c:\Users\lincbp\.vscode\extensions\redhat.java-1.30.0-win32-x64\jre\17.0.10-win32-x86_64\bin\instrument.dll
0x00007ff8203f0000 - 0x00007ff820415000 	c:\Users\lincbp\.vscode\extensions\redhat.java-1.30.0-win32-x64\jre\17.0.10-win32-x86_64\bin\java.dll
0x00007ff8263e0000 - 0x00007ff8263f8000 	c:\Users\lincbp\.vscode\extensions\redhat.java-1.30.0-win32-x64\jre\17.0.10-win32-x86_64\bin\zip.dll
0x00007ff83ffa0000 - 0x00007ff8407fc000 	C:\WINDOWS\System32\SHELL32.dll
0x00007ff83c040000 - 0x00007ff83c939000 	C:\WINDOWS\SYSTEM32\windows.storage.dll
0x00007ff83bf00000 - 0x00007ff83c03e000 	C:\WINDOWS\SYSTEM32\wintypes.dll
0x00007ff83f020000 - 0x00007ff83f113000 	C:\WINDOWS\System32\SHCORE.dll
0x00007ff83ec40000 - 0x00007ff83ec9e000 	C:\WINDOWS\System32\shlwapi.dll
0x00007ff83e060000 - 0x00007ff83e081000 	C:\WINDOWS\SYSTEM32\profapi.dll
0x00007ff819630000 - 0x00007ff819649000 	C:\Users\lincbp\.vscode\extensions\redhat.java-1.30.0-win32-x64\jre\17.0.10-win32-x86_64\bin\net.dll
0x00007ff83a7d0000 - 0x00007ff83a906000 	C:\WINDOWS\SYSTEM32\WINHTTP.dll
0x00007ff83d590000 - 0x00007ff83d5f9000 	C:\WINDOWS\system32\mswsock.dll
0x00007ff818060000 - 0x00007ff818076000 	C:\Users\lincbp\.vscode\extensions\redhat.java-1.30.0-win32-x64\jre\17.0.10-win32-x86_64\bin\nio.dll
0x00007ff827be0000 - 0x00007ff827bf0000 	c:\Users\lincbp\.vscode\extensions\redhat.java-1.30.0-win32-x64\jre\17.0.10-win32-x86_64\bin\verify.dll
0x00007ff80ff10000 - 0x00007ff80ff4e000 	C:\Users\lincbp\AppData\Roaming\Code\User\globalStorage\redhat.java\1.30.0\config_win\org.eclipse.equinox.launcher\org.eclipse.equinox.launcher.win32.win32.x86_64_1.2.900.v20240213-1244\eclipse_11900.dll
0x00007ff840800000 - 0x00007ff8409a5000 	C:\WINDOWS\System32\ole32.dll
0x00007ff821f50000 - 0x00007ff821f59000 	C:\Users\lincbp\.vscode\extensions\redhat.java-1.30.0-win32-x64\jre\17.0.10-win32-x86_64\bin\management.dll
0x00007ff81b150000 - 0x00007ff81b15b000 	C:\Users\lincbp\.vscode\extensions\redhat.java-1.30.0-win32-x64\jre\17.0.10-win32-x86_64\bin\management_ext.dll
0x00007ff83ee20000 - 0x00007ff83ee28000 	C:\WINDOWS\System32\PSAPI.DLL
0x00007ff83d8e0000 - 0x00007ff83d8fb000 	C:\WINDOWS\SYSTEM32\CRYPTSP.dll
0x00007ff83d090000 - 0x00007ff83d0c5000 	C:\WINDOWS\system32\rsaenh.dll
0x00007ff83d630000 - 0x00007ff83d658000 	C:\WINDOWS\SYSTEM32\USERENV.dll
0x00007ff83d8c0000 - 0x00007ff83d8cc000 	C:\WINDOWS\SYSTEM32\CRYPTBASE.dll
0x00007ff83cb90000 - 0x00007ff83cbbd000 	C:\WINDOWS\SYSTEM32\IPHLPAPI.DLL
0x00007ff83f010000 - 0x00007ff83f019000 	C:\WINDOWS\System32\NSI.dll
0x00007ff837b30000 - 0x00007ff837b49000 	C:\WINDOWS\SYSTEM32\dhcpcsvc6.DLL
0x00007ff837990000 - 0x00007ff8379af000 	C:\WINDOWS\SYSTEM32\dhcpcsvc.DLL
0x00007ff83cbc0000 - 0x00007ff83ccb9000 	C:\WINDOWS\SYSTEM32\DNSAPI.dll
0x00007ff80e320000 - 0x00007ff80e365000 	C:\Users\lincbp\AppData\Local\Temp\jna--1102673984\jna13904509179600746260.dll

dbghelp: loaded successfully - version: 4.0.5 - missing functions: none
symbol engine: initialized successfully - sym options: 0x614 - pdb path: .;c:\Users\lincbp\.vscode\extensions\redhat.java-1.30.0-win32-x64\jre\17.0.10-win32-x86_64\bin;C:\WINDOWS\SYSTEM32;C:\WINDOWS\WinSxS\amd64_microsoft.windows.common-controls_6595b64144ccf1df_6.0.22621.3235_none_270f74e173860f98;c:\Users\lincbp\.vscode\extensions\redhat.java-1.30.0-win32-x64\jre\17.0.10-win32-x86_64\bin\server;C:\Users\lincbp\AppData\Roaming\Code\User\globalStorage\redhat.java\1.30.0\config_win\org.eclipse.equinox.launcher\org.eclipse.equinox.launcher.win32.win32.x86_64_1.2.900.v20240213-1244;C:\Users\lincbp\AppData\Local\Temp\jna--1102673984

VM Arguments:
jvm_args: --add-modules=ALL-SYSTEM --add-opens=java.base/java.util=ALL-UNNAMED --add-opens=java.base/java.lang=ALL-UNNAMED --add-opens=java.base/sun.nio.fs=ALL-UNNAMED -Declipse.application=org.eclipse.jdt.ls.core.id1 -Dosgi.bundles.defaultStartLevel=4 -Declipse.product=org.eclipse.jdt.ls.core.product -Djava.import.generatesMetadataFilesAtProjectRoot=false -DDetectVMInstallationsJob.disabled=true -Dfile.encoding=utf8 -XX:+UseParallelGC -XX:GCTimeRatio=4 -XX:AdaptiveSizePolicyWeight=90 -Dsun.zip.disableMemoryMapping=true -Xmx1G -Xms100m -Xlog:disable -javaagent:c:\Users\lincbp\.vscode\extensions\redhat.java-1.30.0-win32-x64\lombok\lombok-1.18.32.jar -XX:+HeapDumpOnOutOfMemoryError -XX:HeapDumpPath=c:\Users\lincbp\AppData\Roaming\Code\User\workspaceStorage\bb6fdaa8ae864a70c40a42f3e988b8fc\redhat.java -Daether.dependencyCollector.impl=bf 
java_command: c:\Users\lincbp\.vscode\extensions\redhat.java-1.30.0-win32-x64\server\plugins\org.eclipse.equinox.launcher_1.6.800.v20240330-1250.jar -configuration c:\Users\lincbp\AppData\Roaming\Code\User\globalStorage\redhat.java\1.30.0\config_win -data c:\Users\lincbp\AppData\Roaming\Code\User\workspaceStorage\bb6fdaa8ae864a70c40a42f3e988b8fc\redhat.java\jdt_ws --pipe=\\.\pipe\lsp-fbfb94a0646a3ad2942f306f31c10556-sock
java_class_path (initial): c:\Users\lincbp\.vscode\extensions\redhat.java-1.30.0-win32-x64\server\plugins\org.eclipse.equinox.launcher_1.6.800.v20240330-1250.jar
Launcher Type: SUN_STANDARD

[Global flags]
    uintx AdaptiveSizePolicyWeight                 = 90                                        {product} {command line}
     intx CICompilerCount                          = 4                                         {product} {ergonomic}
    uintx GCTimeRatio                              = 4                                         {product} {command line}
     bool HeapDumpOnOutOfMemoryError               = true                                   {manageable} {command line}
    ccstr HeapDumpPath                             = c:\Users\lincbp\AppData\Roaming\Code\User\workspaceStorage\bb6fdaa8ae864a70c40a42f3e988b8fc\redhat.java         {manageable} {command line}
   size_t InitialHeapSize                          = 104857600                                 {product} {command line}
   size_t MaxHeapSize                              = 1073741824                                {product} {command line}
   size_t MaxNewSize                               = 357564416                                 {product} {ergonomic}
   size_t MinHeapDeltaBytes                        = 524288                                    {product} {ergonomic}
   size_t MinHeapSize                              = 104857600                                 {product} {command line}
   size_t NewSize                                  = 34603008                                  {product} {ergonomic}
    uintx NonNMethodCodeHeapSize                   = 5839372                                {pd product} {ergonomic}
    uintx NonProfiledCodeHeapSize                  = 122909434                              {pd product} {ergonomic}
   size_t OldSize                                  = 70254592                                  {product} {ergonomic}
    uintx ProfiledCodeHeapSize                     = 122909434                              {pd product} {ergonomic}
    uintx ReservedCodeCacheSize                    = 251658240                              {pd product} {ergonomic}
     bool SegmentedCodeCache                       = true                                      {product} {ergonomic}
   size_t SoftMaxHeapSize                          = 1073741824                             {manageable} {ergonomic}
     bool UseCompressedClassPointers               = true                           {product lp64_product} {ergonomic}
     bool UseCompressedOops                        = true                           {product lp64_product} {ergonomic}
     bool UseLargePagesIndividualAllocation        = false                                  {pd product} {ergonomic}
     bool UseParallelGC                            = true                                      {product} {command line}

Logging:
Log output configuration:
 #0: stdout all=off uptime,level,tags
 #1: stderr all=off uptime,level,tags

Environment Variables:
PATH=C:\ProgramData\Oracle\Java\javapath;C:\Program Files\Common Files\Oracle\Java\javapath;C:\WINDOWS\system32;C:\WINDOWS;C:\WINDOWS\System32\Wbem;C:\WINDOWS\System32\WindowsPowerShell\v1.0\;C:\WINDOWS\System32\OpenSSH\;C:\Program Files\dotnet\;C:\Program Files\nodejs\;C:\Program Files\Git\cmd;C:\laragon\bin\php\php-8.1.10-Win32-vs16-x64\;C:\ProgramData\ComposerSetup\bin;C:\Program Files (x86)\Windows Kits\10\Windows Performance Toolkit\;C:\Program Files (x86)\Bitvise SSH Client;C:\Users\lincbp\AppData\Local\Microsoft\WindowsApps;C:\Users\lincbp\AppData\Roaming\npm;C:\Users\lincbp\AppData\Local\Programs\Microsoft VS Code\bin;C:\Users\lincbp\AppData\Roaming\Composer\vendor\bin;D:\dev\flutter\bin;
USERNAME=lincbp
OS=Windows_NT
PROCESSOR_IDENTIFIER=Intel64 Family 6 Model 140 Stepping 1, GenuineIntel
TMP=C:\Users\lincbp\AppData\Local\Temp
TEMP=C:\Users\lincbp\AppData\Local\Temp



Periodic native trim disabled


---------------  S Y S T E M  ---------------

OS:
 Windows 11 , 64 bit Build 22621 (10.0.22621.3374)
OS uptime: 0 days 11:00 hours
Hyper-V role detected

CPU: total 8 (initial active 8) (4 cores per cpu, 2 threads per core) family 6 model 140 stepping 1 microcode 0xb4, cx8, cmov, fxsr, ht, mmx, 3dnowpref, sse, sse2, sse3, ssse3, sse4.1, sse4.2, popcnt, lzcnt, tsc, tscinvbit, avx, avx2, aes, erms, clmul, bmi1, bmi2, adx, avx512f, avx512dq, avx512cd, avx512bw, avx512vl, sha, fma, vzeroupper, avx512_vpopcntdq, avx512_vpclmulqdq, avx512_vaes, avx512_vnni, clflush, clflushopt, clwb, avx512_vbmi2, avx512_vbmi, hv
Processor Information for processor 0
  Max Mhz: 2419, Current Mhz: 2419, Mhz Limit: 2419
Processor Information for processor 1
  Max Mhz: 2419, Current Mhz: 2419, Mhz Limit: 2419
Processor Information for processor 2
  Max Mhz: 2419, Current Mhz: 2419, Mhz Limit: 2419
Processor Information for processor 3
  Max Mhz: 2419, Current Mhz: 1209, Mhz Limit: 2419
Processor Information for processor 4
  Max Mhz: 2419, Current Mhz: 2419, Mhz Limit: 2419
Processor Information for processor 5
  Max Mhz: 2419, Current Mhz: 2419, Mhz Limit: 2419
Processor Information for processor 6
  Max Mhz: 2419, Current Mhz: 2419, Mhz Limit: 2419
Processor Information for processor 7
  Max Mhz: 2419, Current Mhz: 1209, Mhz Limit: 2419

Memory: 4k page, system-wide physical 16110M (1547M free)
TotalPageFile size 42998M (AvailPageFile size 36M)
current process WorkingSet (physical memory assigned to process): 56M, peak: 680M
current process commit charge ("private bytes"): 428M, peak: 586M

vm_info: OpenJDK 64-Bit Server VM (17.0.10+7) for windows-amd64 JRE (17.0.10+7), built on Jan 16 2024 23:25:11 by "admin" with MS VC++ 16.10 / 16.11 (VS2019)

END.
